<?xml version="1.0" encoding="UTF-8"?>
<coverage generated="1771613113270" clover="3.2.0">
  <project timestamp="1771613113270" name="All files">
    <metrics statements="10" coveredstatements="9" conditionals="6" coveredconditionals="4" methods="3" coveredmethods="2" elements="19" coveredelements="15" complexity="0" loc="10" ncloc="10" packages="1" files="1" classes="1"/>
    <file name="index.js" path="/opt/v7m/projects/alpha6/src/index.js">
      <metrics statements="10" coveredstatements="9" conditionals="6" coveredconditionals="4" methods="3" coveredmethods="2"/>
      <line num="2" count="1" type="stmt"/>
      <line num="3" count="1" type="stmt"/>
      <line num="5" count="1" type="stmt"/>
      <line num="6" count="1" type="stmt"/>
      <line num="13" count="1" type="stmt"/>
      <line num="14" count="1" type="stmt"/>
      <line num="21" count="1" type="cond" truecount="2" falsecount="0"/>
      <line num="24" count="1" type="cond" truecount="1" falsecount="1"/>
      <line num="25" count="0" type="stmt"/>
      <line num="28" count="1" type="stmt"/>
    </file>
  </project>
</coverage>
